# JRE version: OpenJDK Runtime Environment (11.0.8+10) (build 11.0.8+10-b944.6842174)
# Java VM: OpenJDK 64-Bit Server VM (11.0.8+10-b944.6842174, mixed mode, tiered, compressed oops, g1 gc, windows-amd64)
Heap:
 garbage-first heap   total 129024K, used 65764K [0x0000000080000000, 0x0000000100000000)
  region size 1024K, 19 young (19456K), 7 survivors (7168K)
 Metaspace       used 67734K, capacity 69309K, committed 69504K, reserved 1110016K
  class space    used 8773K, capacity 9315K, committed 9344K, reserved 1048576K
GC Heap History (20 events):
Event: 5.975 GC heap before
{Heap before GC invocations=2 (full 0):
 garbage-first heap   total 129024K, used 27535K [0x0000000080000000, 0x0000000100000000)
  region size 1024K, 23 young (23552K), 10 survivors (10240K)
 Metaspace       used 20607K, capacity 21111K, committed 21248K, reserved 1067008K
  class space    used 2525K, capacity 2712K, committed 2816K, reserved 1048576K
}
Event: 5.983 GC heap after
{Heap after GC invocations=3 (full 0):
 garbage-first heap   total 129024K, used 16165K [0x0000000080000000, 0x0000000100000000)
  region size 1024K, 1 young (1024K), 1 survivors (1024K)
 Metaspace       used 20607K, capacity 21111K, committed 21248K, reserved 1067008K
  class space    used 2525K, capacity 2712K, committed 2816K, reserved 1048576K
}
Event: 7.661 GC heap before
{Heap before GC invocations=4 (full 0):
 garbage-first heap   total 129024K, used 85797K [0x0000000080000000, 0x0000000100000000)
  region size 1024K, 69 young (70656K), 1 survivors (1024K)
 Metaspace       used 27922K, capacity 28573K, committed 28800K, reserved 1075200K
  class space    used 3693K, capacity 3926K, committed 3968K, reserved 1048576K
}
Event: 7.664 GC heap after
{Heap after GC invocations=5 (full 0):
 garbage-first heap   total 129024K, used 18369K [0x0000000080000000, 0x0000000100000000)
  region size 1024K, 3 young (3072K), 3 survivors (3072K)
 Metaspace       used 27922K, capacity 28573K, committed 28800K, reserved 1075200K
  class space    used 3693K, capacity 3926K, committed 3968K, reserved 1048576K
}
Event: 8.724 GC heap before
{Heap before GC invocations=5 (full 0):
 garbage-first heap   total 129024K, used 48065K [0x0000000080000000, 0x0000000100000000)
  region size 1024K, 34 young (34816K), 3 survivors (3072K)
 Metaspace       used 35086K, capacity 35823K, committed 35840K, reserved 1081344K
  class space    used 4561K, capacity 4854K, committed 4864K, reserved 1048576K
}
Event: 8.730 GC heap after
{Heap after GC invocations=6 (full 0):
 garbage-first heap   total 129024K, used 21048K [0x0000000080000000, 0x0000000100000000)
  region size 1024K, 6 young (6144K), 6 survivors (6144K)
 Metaspace       used 35086K, capacity 35823K, committed 35840K, reserved 1081344K
  class space    used 4561K, capacity 4854K, committed 4864K, reserved 1048576K
}
Event: 9.642 GC heap before
{Heap before GC invocations=7 (full 0):
 garbage-first heap   total 129024K, used 81464K [0x0000000080000000, 0x0000000100000000)
  region size 1024K, 62 young (63488K), 6 survivors (6144K)
 Metaspace       used 40651K, capacity 41498K, committed 41600K, reserved 1085440K
  class space    used 5188K, capacity 5501K, committed 5504K, reserved 1048576K
}
Event: 9.649 GC heap after
{Heap after GC invocations=8 (full 0):
 garbage-first heap   total 129024K, used 24729K [0x0000000080000000, 0x0000000100000000)
  region size 1024K, 7 young (7168K), 7 survivors (7168K)
 Metaspace       used 40651K, capacity 41498K, committed 41600K, reserved 1085440K
  class space    used 5188K, capacity 5501K, committed 5504K, reserved 1048576K
}
Event: 11.193 GC heap before
{Heap before GC invocations=8 (full 0):
 garbage-first heap   total 129024K, used 83097K [0x0000000080000000, 0x0000000100000000)
  region size 1024K, 64 young (65536K), 7 survivors (7168K)
 Metaspace       used 44481K, capacity 45537K, committed 45824K, reserved 1089536K
  class space    used 5709K, capacity 6084K, committed 6144K, reserved 1048576K
}
Event: 11.198 GC heap after
{Heap after GC invocations=9 (full 0):
 garbage-first heap   total 129024K, used 27900K [0x0000000080000000, 0x0000000100000000)
  region size 1024K, 7 young (7168K), 7 survivors (7168K)
 Metaspace       used 44481K, capacity 45537K, committed 45824K, reserved 1089536K
  class space    used 5709K, capacity 6084K, committed 6144K, reserved 1048576K
}
Event: 12.919 GC heap before
{Heap before GC invocations=9 (full 0):
 garbage-first heap   total 129024K, used 92412K [0x0000000080000000, 0x0000000100000000)
  region size 1024K, 65 young (66560K), 7 survivors (7168K)
 Metaspace       used 49626K, capacity 50966K, committed 51072K, reserved 1093632K
  class space    used 6320K, capacity 6766K, committed 6784K, reserved 1048576K
}
Event: 12.926 GC heap after
{Heap after GC invocations=10 (full 0):
 garbage-first heap   total 129024K, used 42574K [0x0000000080000000, 0x0000000100000000)
  region size 1024K, 9 young (9216K), 9 survivors (9216K)
 Metaspace       used 49626K, capacity 50966K, committed 51072K, reserved 1093632K
  class space    used 6320K, capacity 6766K, committed 6784K, reserved 1048576K
}
Event: 13.988 GC heap before
{Heap before GC invocations=10 (full 0):
 garbage-first heap   total 129024K, used 91726K [0x0000000080000000, 0x0000000100000000)
  region size 1024K, 58 young (59392K), 9 survivors (9216K)
 Metaspace       used 56343K, capacity 57725K, committed 57856K, reserved 1099776K
  class space    used 7177K, capacity 7673K, committed 7680K, reserved 1048576K
}
Event: 13.995 GC heap after
{Heap after GC invocations=11 (full 0):
 garbage-first heap   total 129024K, used 46672K [0x0000000080000000, 0x0000000100000000)
  region size 1024K, 4 young (4096K), 4 survivors (4096K)
 Metaspace       used 56343K, capacity 57725K, committed 57856K, reserved 1099776K
  class space    used 7177K, capacity 7673K, committed 7680K, reserved 1048576K
}
Event: 14.396 GC heap before
{Heap before GC invocations=11 (full 0):
 garbage-first heap   total 129024K, used 70224K [0x0000000080000000, 0x0000000100000000)
  region size 1024K, 27 young (27648K), 4 survivors (4096K)
 Metaspace       used 58630K, capacity 60024K, committed 60160K, reserved 1101824K
  class space    used 7453K, capacity 7980K, committed 8064K, reserved 1048576K
}
Event: 14.400 GC heap after
{Heap after GC invocations=12 (full 0):
 garbage-first heap   total 129024K, used 48445K [0x0000000080000000, 0x0000000100000000)
  region size 1024K, 6 young (6144K), 6 survivors (6144K)
 Metaspace       used 58630K, capacity 60024K, committed 60160K, reserved 1101824K
  class space    used 7453K, capacity 7980K, committed 8064K, reserved 1048576K
}
Event: 15.153 GC heap before
{Heap before GC invocations=13 (full 0):
 garbage-first heap   total 129024K, used 94525K [0x0000000080000000, 0x0000000100000000)
  region size 1024K, 51 young (52224K), 6 survivors (6144K)
 Metaspace       used 61495K, capacity 62990K, committed 63232K, reserved 1103872K
  class space    used 7806K, capacity 8369K, committed 8448K, reserved 1048576K
}
Event: 15.158 GC heap after
{Heap after GC invocations=14 (full 0):
 garbage-first heap   total 129024K, used 51687K [0x0000000080000000, 0x0000000100000000)
  region size 1024K, 6 young (6144K), 6 survivors (6144K)
 Metaspace       used 61495K, capacity 62990K, committed 63232K, reserved 1103872K
  class space    used 7806K, capacity 8369K, committed 8448K, reserved 1048576K
}
Event: 17.123 GC heap before
{Heap before GC invocations=14 (full 0):
 garbage-first heap   total 129024K, used 96743K [0x0000000080000000, 0x0000000100000000)
  region size 1024K, 50 young (51200K), 6 survivors (6144K)
 Metaspace       used 66643K, capacity 68130K, committed 68352K, reserved 1107968K
  class space    used 8622K, capacity 9162K, committed 9216K, reserved 1048576K
}
Event: 17.128 GC heap after
{Heap after GC invocations=15 (full 0):
 garbage-first heap   total 129024K, used 54500K [0x0000000080000000, 0x0000000100000000)
  region size 1024K, 7 young (7168K), 7 survivors (7168K)
 Metaspace       used 66643K, capacity 68130K, committed 68352K, reserved 1107968K
  class space    used 8622K, capacity 9162K, committed 9216K, reserved 1048576K
}

