# JRE version: OpenJDK Runtime Environment (11.0.8+10) (build 11.0.8+10-b944.6842174)
# Java VM: OpenJDK 64-Bit Server VM (11.0.8+10-b944.6842174, mixed mode, tiered, compressed oops, g1 gc, windows-amd64)
Heap:
 garbage-first heap   total 155648K, used 69317K [0x0000000080000000, 0x0000000100000000)
  region size 1024K, 4 young (4096K), 4 survivors (4096K)
 Metaspace       used 57764K, capacity 59329K, committed 59468K, reserved 1101824K
  class space    used 7369K, capacity 7879K, committed 8012K, reserved 1048576K
GC Heap History (20 events):
Event: 2.112 GC heap after
{Heap after GC invocations=2 (full 0):
 garbage-first heap   total 129024K, used 15990K [0x0000000080000000, 0x0000000100000000)
  region size 1024K, 10 young (10240K), 10 survivors (10240K)
 Metaspace       used 18971K, capacity 19473K, committed 19712K, reserved 1067008K
  class space    used 2294K, capacity 2469K, committed 2560K, reserved 1048576K
}
Event: 2.525 GC heap before
{Heap before GC invocations=2 (full 0):
 garbage-first heap   total 129024K, used 28278K [0x0000000080000000, 0x0000000100000000)
  region size 1024K, 23 young (23552K), 10 survivors (10240K)
 Metaspace       used 20615K, capacity 21079K, committed 21248K, reserved 1067008K
  class space    used 2523K, capacity 2690K, committed 2816K, reserved 1048576K
}
Event: 2.531 GC heap after
{Heap after GC invocations=3 (full 0):
 garbage-first heap   total 129024K, used 16761K [0x0000000080000000, 0x0000000100000000)
  region size 1024K, 1 young (1024K), 1 survivors (1024K)
 Metaspace       used 20615K, capacity 21079K, committed 21248K, reserved 1067008K
  class space    used 2523K, capacity 2690K, committed 2816K, reserved 1048576K
}
Event: 2.980 GC heap before
{Heap before GC invocations=4 (full 0):
 garbage-first heap   total 129024K, used 62841K [0x0000000080000000, 0x0000000100000000)
  region size 1024K, 46 young (47104K), 1 survivors (1024K)
 Metaspace       used 25845K, capacity 26524K, committed 26752K, reserved 1073152K
  class space    used 3365K, capacity 3593K, committed 3712K, reserved 1048576K
}
Event: 2.982 GC heap after
{Heap after GC invocations=5 (full 0):
 garbage-first heap   total 129024K, used 18340K [0x0000000080000000, 0x0000000100000000)
  region size 1024K, 3 young (3072K), 3 survivors (3072K)
 Metaspace       used 25845K, capacity 26524K, committed 26752K, reserved 1073152K
  class space    used 3365K, capacity 3593K, committed 3712K, reserved 1048576K
}
Event: 3.590 GC heap before
{Heap before GC invocations=5 (full 0):
 garbage-first heap   total 129024K, used 76708K [0x0000000080000000, 0x0000000100000000)
  region size 1024K, 52 young (53248K), 3 survivors (3072K)
 Metaspace       used 31368K, capacity 32106K, committed 32128K, reserved 1077248K
  class space    used 4174K, capacity 4470K, committed 4480K, reserved 1048576K
}
Event: 3.594 GC heap after
{Heap after GC invocations=6 (full 0):
 garbage-first heap   total 129024K, used 31857K [0x0000000080000000, 0x0000000100000000)
  region size 1024K, 7 young (7168K), 7 survivors (7168K)
 Metaspace       used 31368K, capacity 32106K, committed 32128K, reserved 1077248K
  class space    used 4174K, capacity 4470K, committed 4480K, reserved 1048576K
}
Event: 3.751 GC heap before
{Heap before GC invocations=6 (full 0):
 garbage-first heap   total 129024K, used 42097K [0x0000000080000000, 0x0000000100000000)
  region size 1024K, 18 young (18432K), 7 survivors (7168K)
 Metaspace       used 35075K, capacity 35835K, committed 35840K, reserved 1081344K
  class space    used 4555K, capacity 4862K, committed 4864K, reserved 1048576K
}
Event: 3.758 GC heap after
{Heap after GC invocations=7 (full 0):
 garbage-first heap   total 129024K, used 33933K [0x0000000080000000, 0x0000000100000000)
  region size 1024K, 2 young (2048K), 2 survivors (2048K)
 Metaspace       used 35075K, capacity 35835K, committed 35840K, reserved 1081344K
  class space    used 4555K, capacity 4862K, committed 4864K, reserved 1048576K
}
Event: 4.250 GC heap before
{Heap before GC invocations=8 (full 0):
 garbage-first heap   total 129024K, used 87181K [0x0000000080000000, 0x0000000100000000)
  region size 1024K, 47 young (48128K), 2 survivors (2048K)
 Metaspace       used 40100K, capacity 41025K, committed 41164K, reserved 1085440K
  class space    used 5147K, capacity 5507K, committed 5580K, reserved 1048576K
}
Event: 4.253 GC heap after
{Heap after GC invocations=9 (full 0):
 garbage-first heap   total 129024K, used 41339K [0x0000000080000000, 0x0000000100000000)
  region size 1024K, 6 young (6144K), 6 survivors (6144K)
 Metaspace       used 40100K, capacity 41025K, committed 41164K, reserved 1085440K
  class space    used 5147K, capacity 5507K, committed 5580K, reserved 1048576K
}
Event: 4.665 GC heap before
{Heap before GC invocations=9 (full 0):
 garbage-first heap   total 129024K, used 90491K [0x0000000080000000, 0x0000000100000000)
  region size 1024K, 50 young (51200K), 6 survivors (6144K)
 Metaspace       used 43634K, capacity 44753K, committed 44876K, reserved 1087488K
  class space    used 5567K, capacity 5933K, committed 5964K, reserved 1048576K
}
Event: 4.669 GC heap after
{Heap after GC invocations=10 (full 0):
 garbage-first heap   total 129024K, used 48495K [0x0000000080000000, 0x0000000100000000)
  region size 1024K, 7 young (7168K), 7 survivors (7168K)
 Metaspace       used 43634K, capacity 44753K, committed 44876K, reserved 1087488K
  class space    used 5567K, capacity 5933K, committed 5964K, reserved 1048576K
}
Event: 5.086 GC heap before
{Heap before GC invocations=10 (full 0):
 garbage-first heap   total 129024K, used 92527K [0x0000000080000000, 0x0000000100000000)
  region size 1024K, 50 young (51200K), 7 survivors (7168K)
 Metaspace       used 46383K, capacity 47703K, committed 47948K, reserved 1091584K
  class space    used 5971K, capacity 6357K, committed 6476K, reserved 1048576K
}
Event: 5.092 GC heap after
{Heap after GC invocations=11 (full 0):
 garbage-first heap   total 129024K, used 51223K [0x0000000080000000, 0x0000000100000000)
  region size 1024K, 3 young (3072K), 3 survivors (3072K)
 Metaspace       used 46383K, capacity 47703K, committed 47948K, reserved 1091584K
  class space    used 5971K, capacity 6357K, committed 6476K, reserved 1048576K
}
Event: 5.513 GC heap before
{Heap before GC invocations=11 (full 0):
 garbage-first heap   total 129024K, used 99351K [0x0000000080000000, 0x0000000100000000)
  region size 1024K, 45 young (46080K), 3 survivors (3072K)
 Metaspace       used 47886K, capacity 49341K, committed 49484K, reserved 1091584K
  class space    used 6161K, capacity 6618K, committed 6732K, reserved 1048576K
}
Event: 5.517 GC heap after
{Heap after GC invocations=12 (full 0):
 garbage-first heap   total 129024K, used 65982K [0x0000000080000000, 0x0000000100000000)
  region size 1024K, 6 young (6144K), 6 survivors (6144K)
 Metaspace       used 47886K, capacity 49341K, committed 49484K, reserved 1091584K
  class space    used 6161K, capacity 6618K, committed 6732K, reserved 1048576K
}
Event: 5.876 GC heap before
{Heap before GC invocations=12 (full 0):
 garbage-first heap   total 129024K, used 98750K [0x0000000080000000, 0x0000000100000000)
  region size 1024K, 38 young (38912K), 6 survivors (6144K)
 Metaspace       used 52731K, capacity 54308K, committed 54348K, reserved 1095680K
  class space    used 6720K, capacity 7213K, committed 7244K, reserved 1048576K
}
Event: 5.882 GC heap after
{Heap after GC invocations=13 (full 0):
 garbage-first heap   total 129024K, used 67422K [0x0000000080000000, 0x0000000100000000)
  region size 1024K, 2 young (2048K), 2 survivors (2048K)
 Metaspace       used 52731K, capacity 54308K, committed 54348K, reserved 1095680K
  class space    used 6720K, capacity 7213K, committed 7244K, reserved 1048576K
}
Event: 6.316 GC heap before
{Heap before GC invocations=14 (full 0):
 garbage-first heap   total 129024K, used 100190K [0x0000000080000000, 0x0000000100000000)
  region size 1024K, 34 young (34816K), 2 survivors (2048K)
 Metaspace       used 57764K, capacity 59329K, committed 59468K, reserved 1101824K
  class space    used 7369K, capacity 7879K, committed 8012K, reserved 1048576K
}

